[2020-11-17T17:06:40.416] [DEBUG] cheese - login => username:zs,password:123123
[2020-11-17T17:06:40.430] [DEBUG] cheese - zs
[2020-11-17T17:06:40.440] [DEBUG] cheese - null
[2020-11-17T17:06:40.441] [DEBUG] cheese - null
[2020-11-17T17:06:57.398] [DEBUG] cheese - login => username:admin,password:123456
[2020-11-17T17:06:57.398] [DEBUG] cheese - admin
[2020-11-17T17:06:57.408] [DEBUG] cheese - null
[2020-11-17T17:06:57.409] [DEBUG] cheese - null
[2020-11-17T17:10:38.914] [DEBUG] cheese - login => username:123,password:dasdasd
[2020-11-17T17:10:38.914] [DEBUG] cheese - 123
[2020-11-17T17:10:38.918] [DEBUG] cheese - null
[2020-11-17T17:10:38.919] [DEBUG] cheese - null
[2020-11-17T17:11:08.943] [DEBUG] cheese - login => username:asd,password:123123
[2020-11-17T17:11:08.943] [DEBUG] cheese - asd
[2020-11-17T17:11:08.946] [DEBUG] cheese - null
[2020-11-17T17:11:08.946] [DEBUG] cheese - null
[2020-11-17T17:11:14.649] [DEBUG] cheese - login => username:admin,password:123456
[2020-11-17T17:11:14.649] [DEBUG] cheese - admin
[2020-11-17T17:11:14.654] [DEBUG] cheese - null
[2020-11-17T17:11:14.655] [DEBUG] cheese - null
[2020-11-17T17:11:44.953] [DEBUG] cheese - login => username:admin,password:123456
[2020-11-17T17:11:44.954] [DEBUG] cheese - admin
[2020-11-17T17:11:44.960] [DEBUG] cheese - null
[2020-11-17T17:11:44.961] [DEBUG] cheese - null
[2020-11-17T17:17:03.359] [DEBUG] cheese - login => username:asd,password:123123
[2020-11-17T17:17:03.360] [DEBUG] cheese - asd
[2020-11-17T17:17:03.371] [DEBUG] cheese - null
[2020-11-17T17:17:03.372] [DEBUG] cheese - null
[2020-11-17T17:17:59.342] [DEBUG] cheese - login => username:admin,password:123123123
[2020-11-17T17:17:59.342] [DEBUG] cheese - admin
[2020-11-17T17:17:59.347] [DEBUG] cheese - null
[2020-11-17T17:17:59.348] [DEBUG] cheese - null
[2020-11-17T17:26:05.772] [DEBUG] cheese - login => username:admin,password:123123
[2020-11-17T17:26:05.772] [DEBUG] cheese - admin
[2020-11-17T17:26:05.785] [DEBUG] cheese - null
[2020-11-17T17:26:05.785] [DEBUG] cheese - null
[2020-11-17T17:26:56.396] [DEBUG] cheese - login => username:admin,password:123123
[2020-11-17T17:26:56.396] [DEBUG] cheese - admin
[2020-11-17T17:26:56.400] [DEBUG] cheese - null
[2020-11-17T17:26:56.402] [DEBUG] cheese - null
[2020-11-17T17:27:07.817] [DEBUG] cheese - login => username:asd,password:123123
[2020-11-17T17:27:07.817] [DEBUG] cheese - asd
[2020-11-17T17:27:07.823] [DEBUG] cheese - null
[2020-11-17T17:27:07.823] [DEBUG] cheese - null
[2020-11-17T17:27:16.525] [DEBUG] cheese - login => username:asd,password:123123
[2020-11-17T17:27:16.526] [DEBUG] cheese - asd
[2020-11-17T17:27:16.530] [DEBUG] cheese - null
[2020-11-17T17:27:16.530] [DEBUG] cheese - null
[2020-11-17T17:28:30.396] [DEBUG] cheese - login => username:asd,password:123123
[2020-11-17T17:28:30.396] [DEBUG] cheese - asd
[2020-11-17T17:28:30.401] [DEBUG] cheese - null
[2020-11-17T17:28:30.402] [DEBUG] cheese - null
[2020-11-17T17:28:49.167] [DEBUG] cheese - login => username:asd,password:123123
[2020-11-17T17:28:49.168] [DEBUG] cheese - asd
[2020-11-17T17:28:49.170] [DEBUG] cheese - null
[2020-11-17T17:28:49.170] [DEBUG] cheese - null
[2020-11-17T17:29:01.978] [DEBUG] cheese - login => username:123,password:123123
[2020-11-17T17:29:01.978] [DEBUG] cheese - 123
[2020-11-17T17:29:01.981] [DEBUG] cheese - null
[2020-11-17T17:29:01.982] [DEBUG] cheese - null
[2020-11-17T17:48:12.203] [DEBUG] cheese - login => username:admin,password:123456
[2020-11-17T17:48:12.203] [DEBUG] cheese - admin
[2020-11-17T17:48:12.210] [DEBUG] cheese - null
[2020-11-17T17:48:12.210] [DEBUG] cheese - null
[2020-11-17T17:49:05.962] [DEBUG] cheese - login => username:admin,password:123456
[2020-11-17T17:49:05.962] [DEBUG] cheese - admin
[2020-11-17T17:49:05.964] [DEBUG] cheese - null
[2020-11-17T17:49:05.964] [DEBUG] cheese - null
[2020-11-17T17:49:55.001] [DEBUG] cheese - login => username:admin1,password:123456
[2020-11-17T17:49:55.002] [DEBUG] cheese - admin1
[2020-11-17T17:49:55.003] [DEBUG] cheese - null
[2020-11-17T17:49:55.003] [DEBUG] cheese - null
[2020-11-17T17:49:59.728] [DEBUG] cheese - login => username:admin,password:123456
[2020-11-17T17:49:59.728] [DEBUG] cheese - admin
[2020-11-17T17:49:59.732] [DEBUG] cheese - null
[2020-11-17T17:49:59.733] [DEBUG] cheese - null
[2020-11-17T18:32:06.724] [DEBUG] cheese - login => username:admin,password:123456
[2020-11-17T18:32:06.724] [DEBUG] cheese - admin
[2020-11-17T18:32:06.739] [DEBUG] cheese - null
[2020-11-17T18:32:06.739] [DEBUG] cheese - null
[2020-11-17T18:35:07.887] [DEBUG] cheese - login => username:admin,password:123456
[2020-11-17T18:35:07.888] [DEBUG] cheese - admin
[2020-11-17T18:35:07.896] [DEBUG] cheese - null
[2020-11-17T18:35:07.896] [DEBUG] cheese - null
[2020-11-17T18:54:32.132] [DEBUG] cheese - login => username:admin,password:123456
[2020-11-17T18:54:32.132] [DEBUG] cheese - admin
[2020-11-17T18:54:32.141] [DEBUG] cheese - null
[2020-11-17T18:54:32.142] [DEBUG] cheese - null
[2020-11-17T18:55:46.292] [DEBUG] cheese - login => username:admin,password:123456
[2020-11-17T18:55:46.292] [DEBUG] cheese - admin
[2020-11-17T18:55:46.295] [DEBUG] cheese - null
[2020-11-17T18:55:46.295] [DEBUG] cheese - null
[2020-11-17T19:03:58.685] [DEBUG] cheese - login => username:admin,password:123456
[2020-11-17T19:03:58.685] [DEBUG] cheese - admin
[2020-11-17T19:03:58.699] [DEBUG] cheese - null
[2020-11-17T19:03:58.699] [DEBUG] cheese - null
[2020-11-17T22:14:21.002] [DEBUG] cheese - login => username:admin,password:123456
[2020-11-17T22:14:21.002] [DEBUG] cheese - admin
[2020-11-17T22:14:21.016] [DEBUG] cheese - null
[2020-11-17T22:14:21.016] [DEBUG] cheese - null
[2020-11-17T22:17:57.849] [DEBUG] cheese - login => username:admin,password:123456
[2020-11-17T22:17:57.849] [DEBUG] cheese - admin
[2020-11-17T22:17:57.857] [DEBUG] cheese - null
[2020-11-17T22:17:57.857] [DEBUG] cheese - null
[2020-11-17T22:18:44.410] [DEBUG] cheese - login => username:admin,password:123456
[2020-11-17T22:18:44.410] [DEBUG] cheese - admin
[2020-11-17T22:18:44.414] [DEBUG] cheese - null
[2020-11-17T22:18:44.414] [DEBUG] cheese - null
[2020-11-17T22:58:46.664] [DEBUG] cheese - login => username:admin,password:123456
[2020-11-17T22:58:46.664] [DEBUG] cheese - admin
[2020-11-17T22:58:46.668] [DEBUG] cheese - null
[2020-11-17T22:58:46.668] [DEBUG] cheese - null
[2020-11-17T22:59:10.951] [DEBUG] cheese - login => username:admin,password:123456
[2020-11-17T22:59:10.951] [DEBUG] cheese - admin
[2020-11-17T22:59:10.956] [DEBUG] cheese - null
[2020-11-17T22:59:10.956] [DEBUG] cheese - null
[2020-11-18T10:45:03.420] [DEBUG] cheese - login => username:admin,password:123123
[2020-11-18T10:45:03.423] [DEBUG] cheese - admin
[2020-11-18T10:45:03.442] [DEBUG] cheese - null
[2020-11-18T10:45:03.443] [DEBUG] cheese - null
[2020-11-18T10:45:12.738] [DEBUG] cheese - login => username:admin,password:123456
[2020-11-18T10:45:12.738] [DEBUG] cheese - admin
[2020-11-18T10:45:12.747] [DEBUG] cheese - null
[2020-11-18T10:45:12.747] [DEBUG] cheese - null
[2020-11-18T10:45:50.297] [DEBUG] cheese - login => username:admin,password:123456
[2020-11-18T10:45:50.298] [DEBUG] cheese - admin
[2020-11-18T10:45:50.303] [DEBUG] cheese - null
[2020-11-18T10:45:50.303] [DEBUG] cheese - null
[2020-11-18T10:47:58.952] [DEBUG] cheese - login => username:admin,password:123123
[2020-11-18T10:47:58.952] [DEBUG] cheese - admin
[2020-11-18T10:47:58.963] [DEBUG] cheese - null
[2020-11-18T10:47:58.963] [DEBUG] cheese - null
[2020-11-18T10:48:04.928] [DEBUG] cheese - login => username:admin,password:123456
[2020-11-18T10:48:04.928] [DEBUG] cheese - admin
[2020-11-18T10:48:04.936] [DEBUG] cheese - null
[2020-11-18T10:48:04.936] [DEBUG] cheese - null
[2020-11-18T10:49:20.045] [DEBUG] cheese - login => username:admin,password:123123
[2020-11-18T10:49:20.045] [DEBUG] cheese - admin
[2020-11-18T10:49:20.049] [DEBUG] cheese - null
[2020-11-18T10:49:20.049] [DEBUG] cheese - null
[2020-11-18T10:49:24.613] [DEBUG] cheese - login => username:admin,password:123456
[2020-11-18T10:49:24.613] [DEBUG] cheese - admin
[2020-11-18T10:49:24.618] [DEBUG] cheese - null
[2020-11-18T10:49:24.618] [DEBUG] cheese - null
[2020-11-18T10:53:49.824] [DEBUG] cheese - login => username:admin,password:123456
[2020-11-18T10:53:49.824] [DEBUG] cheese - admin
[2020-11-18T10:53:49.831] [DEBUG] cheese - null
[2020-11-18T10:53:49.832] [DEBUG] cheese - null
[2020-11-18T10:56:51.892] [DEBUG] cheese - login => username:admin,password:123456
[2020-11-18T10:56:51.893] [DEBUG] cheese - admin
[2020-11-18T10:56:51.903] [DEBUG] cheese - null
[2020-11-18T10:56:51.903] [DEBUG] cheese - null
[2020-11-18T11:11:24.408] [DEBUG] cheese - login => username:admin,password:123456
[2020-11-18T11:11:24.408] [DEBUG] cheese - admin
[2020-11-18T11:11:24.419] [DEBUG] cheese - null
[2020-11-18T11:11:24.419] [DEBUG] cheese - null
[2020-11-18T11:12:20.039] [DEBUG] cheese - login => username:admin,password:123456
[2020-11-18T11:12:20.039] [DEBUG] cheese - admin
[2020-11-18T11:12:20.043] [DEBUG] cheese - null
[2020-11-18T11:12:20.044] [DEBUG] cheese - null
[2020-11-18T11:41:30.180] [DEBUG] cheese - login => username:admin,password:123456
[2020-11-18T11:41:30.180] [DEBUG] cheese - admin
[2020-11-18T11:41:30.188] [DEBUG] cheese - null
[2020-11-18T11:41:30.188] [DEBUG] cheese - null
[2020-11-18T11:58:13.418] [DEBUG] cheese - login => username:asdf123,password:123456
[2020-11-18T11:58:13.418] [DEBUG] cheese - asdf123
[2020-11-18T11:58:13.423] [DEBUG] cheese - null
[2020-11-18T11:58:13.423] [DEBUG] cheese - null
[2020-11-18T11:59:59.437] [DEBUG] cheese - login => username:kang,password:123456
[2020-11-18T11:59:59.437] [DEBUG] cheese - kang
[2020-11-18T11:59:59.442] [DEBUG] cheese - null
[2020-11-18T11:59:59.442] [DEBUG] cheese - null
[2020-11-18T12:00:11.408] [DEBUG] cheese - login => username:admin,password:123456
[2020-11-18T12:00:11.408] [DEBUG] cheese - admin
[2020-11-18T12:00:11.411] [DEBUG] cheese - null
[2020-11-18T12:00:11.411] [DEBUG] cheese - null
[2020-11-18T15:11:29.767] [DEBUG] cheese - login => username:admin,password:123456
[2020-11-18T15:11:29.767] [DEBUG] cheese - admin
[2020-11-18T15:11:29.775] [DEBUG] cheese - null
[2020-11-18T15:11:29.775] [DEBUG] cheese - null
[2020-11-19T08:59:48.174] [DEBUG] cheese - login => username:admin,password:123456
[2020-11-19T08:59:48.179] [DEBUG] cheese - admin
[2020-11-19T08:59:48.194] [DEBUG] cheese - null
[2020-11-19T08:59:48.195] [DEBUG] cheese - null
[2020-11-19T20:21:52.823] [DEBUG] cheese - login => username:admin,password:123456
[2020-11-19T20:21:52.825] [DEBUG] cheese - admin
[2020-11-19T20:21:52.843] [DEBUG] cheese - null
[2020-11-19T20:21:52.844] [DEBUG] cheese - null
[2020-11-19T21:25:10.029] [DEBUG] cheese - null
[2020-11-19T21:29:58.890] [DEBUG] cheese - null
[2020-11-19T21:31:53.201] [DEBUG] cheese - null
[2020-11-19T21:32:50.805] [DEBUG] cheese - null
[2020-11-19T21:34:27.864] [DEBUG] cheese - null
[2020-11-19T21:34:30.456] [DEBUG] cheese - null
[2020-11-19T23:05:09.893] [DEBUG] cheese - null
[2020-11-20T09:16:43.602] [DEBUG] cheese - login => username:admin,password:123456
[2020-11-20T09:16:43.605] [DEBUG] cheese - admin
[2020-11-20T09:16:43.631] [DEBUG] cheese - null
[2020-11-20T09:16:43.632] [DEBUG] cheese - null
[2020-11-20T09:21:23.368] [DEBUG] cheese - login => username:admin,password:123456
[2020-11-20T09:21:23.369] [DEBUG] cheese - admin
[2020-11-20T09:21:23.378] [DEBUG] cheese - null
[2020-11-20T09:21:23.378] [DEBUG] cheese - null
[2020-11-20T09:47:54.508] [DEBUG] cheese - login => username:admin,password:123456
[2020-11-20T09:47:54.511] [DEBUG] cheese - admin
[2020-11-20T09:47:54.522] [DEBUG] cheese - null
[2020-11-20T09:47:54.525] [DEBUG] cheese - null
[2020-11-20T09:53:18.334] [DEBUG] cheese - login => username:admin,password:123456
[2020-11-20T09:53:18.334] [DEBUG] cheese - admin
[2020-11-20T09:53:18.341] [DEBUG] cheese - null
[2020-11-20T09:53:18.341] [DEBUG] cheese - null
[2020-11-20T09:54:13.105] [DEBUG] cheese - login => username:admin,password:123456
[2020-11-20T09:54:13.105] [DEBUG] cheese - admin
[2020-11-20T09:54:13.108] [DEBUG] cheese - null
[2020-11-20T09:54:13.108] [DEBUG] cheese - null
[2020-11-20T21:43:07.499] [DEBUG] cheese - login => username:admin,password:123456
[2020-11-20T21:43:07.501] [DEBUG] cheese - admin
[2020-11-20T21:43:07.523] [DEBUG] cheese - null
[2020-11-20T21:43:07.524] [DEBUG] cheese - null
[2020-11-21T16:00:33.566] [DEBUG] cheese - login => username:vhj,password:nlnnknk
[2020-11-21T16:00:33.568] [DEBUG] cheese - vhj
[2020-11-21T16:00:33.603] [DEBUG] cheese - null
[2020-11-21T16:00:33.603] [DEBUG] cheese - null
[2020-11-21T16:01:35.266] [DEBUG] cheese - login => username:admin,password:123456
[2020-11-21T16:01:35.266] [DEBUG] cheese - admin
[2020-11-21T16:01:35.300] [DEBUG] cheese - null
[2020-11-21T16:01:35.301] [DEBUG] cheese - null
[2020-11-21T16:02:22.803] [DEBUG] cheese - login => username:admin,password:123456
[2020-11-21T16:02:22.803] [DEBUG] cheese - admin
[2020-11-21T16:02:22.807] [DEBUG] cheese - null
[2020-11-21T16:02:22.807] [DEBUG] cheese - null
[2020-11-21T16:02:28.362] [DEBUG] cheese - login => username:admin,password:9999999
[2020-11-21T16:02:28.362] [DEBUG] cheese - admin
[2020-11-21T16:02:28.365] [DEBUG] cheese - null
[2020-11-21T16:02:28.365] [DEBUG] cheese - null
[2020-11-21T16:13:14.730] [DEBUG] cheese - login => username:admin,password:111111
[2020-11-21T16:13:14.730] [DEBUG] cheese - admin
[2020-11-21T16:13:14.742] [DEBUG] cheese - null
[2020-11-21T16:13:14.742] [DEBUG] cheese - null
[2020-11-21T16:14:22.329] [DEBUG] cheese - login => username:admin,password:123456
[2020-11-21T16:14:22.329] [DEBUG] cheese - admin
[2020-11-21T16:14:22.335] [DEBUG] cheese - null
[2020-11-21T16:14:22.335] [DEBUG] cheese - null
[2020-11-21T16:14:31.188] [DEBUG] cheese - login => username:admin,password:999990
[2020-11-21T16:14:31.188] [DEBUG] cheese - admin
[2020-11-21T16:14:31.192] [DEBUG] cheese - null
[2020-11-21T16:14:31.192] [DEBUG] cheese - null
[2020-11-21T16:14:35.984] [DEBUG] cheese - login => username:admin,password:123456
[2020-11-21T16:14:35.984] [DEBUG] cheese - admin
[2020-11-21T16:14:35.988] [DEBUG] cheese - null
[2020-11-21T16:14:35.988] [DEBUG] cheese - null
[2020-11-21T16:29:41.508] [DEBUG] cheese - login => username:admin,password:123456
[2020-11-21T16:29:41.509] [DEBUG] cheese - admin
[2020-11-21T16:29:41.518] [DEBUG] cheese - null
[2020-11-21T16:29:41.518] [DEBUG] cheese - null
[2020-11-21T16:33:12.083] [DEBUG] cheese - login => username:admin,password:123456
[2020-11-21T16:33:12.084] [DEBUG] cheese - admin
[2020-11-21T16:33:12.110] [DEBUG] cheese - null
[2020-11-21T16:33:12.111] [DEBUG] cheese - null
[2020-11-21T17:10:24.787] [DEBUG] cheese - login => username:admin,password:123456
[2020-11-21T17:10:24.787] [DEBUG] cheese - admin
[2020-11-21T17:10:24.814] [DEBUG] cheese - null
[2020-11-21T17:10:24.814] [DEBUG] cheese - null
[2020-11-21T17:10:32.771] [DEBUG] cheese - login => username:admin,password:44444444
[2020-11-21T17:10:32.771] [DEBUG] cheese - admin
[2020-11-21T17:10:32.774] [DEBUG] cheese - null
[2020-11-21T17:10:32.774] [DEBUG] cheese - null
[2020-11-21T17:10:37.586] [DEBUG] cheese - login => username:admin,password:123456
[2020-11-21T17:10:37.586] [DEBUG] cheese - admin
[2020-11-21T17:10:37.589] [DEBUG] cheese - null
[2020-11-21T17:10:37.589] [DEBUG] cheese - null
[2020-11-21T17:11:24.867] [DEBUG] cheese - login => username:admin,password:123456
[2020-11-21T17:11:24.867] [DEBUG] cheese - admin
[2020-11-21T17:11:24.870] [DEBUG] cheese - null
[2020-11-21T17:11:24.870] [DEBUG] cheese - null
[2020-11-21T17:11:38.922] [DEBUG] cheese - login => username:admin,password:44556677
[2020-11-21T17:11:38.922] [DEBUG] cheese - admin
[2020-11-21T17:11:38.926] [DEBUG] cheese - null
[2020-11-21T17:11:38.926] [DEBUG] cheese - null
[2020-11-21T17:11:47.208] [DEBUG] cheese - login => username:admin,password:44556677
[2020-11-21T17:11:47.208] [DEBUG] cheese - admin
[2020-11-21T17:11:47.210] [DEBUG] cheese - null
[2020-11-21T17:11:47.211] [DEBUG] cheese - null
[2020-11-21T17:12:18.870] [DEBUG] cheese - login => username:admin,password:123456
[2020-11-21T17:12:18.870] [DEBUG] cheese - admin
[2020-11-21T17:12:18.882] [DEBUG] cheese - null
[2020-11-21T17:12:18.883] [DEBUG] cheese - null
[2020-11-21T17:18:47.443] [DEBUG] cheese - login => username:admin,password:123456
[2020-11-21T17:18:47.443] [DEBUG] cheese - admin
[2020-11-21T17:18:47.452] [DEBUG] cheese - null
[2020-11-21T17:18:47.453] [DEBUG] cheese - null
[2020-11-21T17:19:31.615] [DEBUG] cheese - login => username:admin,password:123456
[2020-11-21T17:19:31.615] [DEBUG] cheese - admin
[2020-11-21T17:19:31.618] [DEBUG] cheese - null
[2020-11-21T17:19:31.618] [DEBUG] cheese - null
